<?xml version="1.0" encoding="UTF-8" ?>
<testsuite errors="0" failures="0" hostname="E3PO" name="com.ogprover.test.junit.JUTestCPSuite" tests="1" time="0.035" timestamp="2012-06-11T08:33:22">
  <properties>
    <property name="file.encoding.pkg" value="sun.io" />
    <property name="org.osgi.framework.executionenvironment" value="OSGi/Minimum-1.0,OSGi/Minimum-1.1,OSGi/Minimum-1.2,JRE-1.1,J2SE-1.2,J2SE-1.3,J2SE-1.4,J2SE-1.5,JavaSE-1.6" />
    <property name="osgi.framework" value="file:/usr/lib/eclipse/plugins/org.eclipse.osgi_3.7.2.dist.jar" />
    <property name="java.home" value="/usr/lib/jvm/java-6-openjdk-i386/jre" />
    <property name="eclipse.application" value="org.eclipse.ui.ide.workbench" />
    <property name="build.path" value="..\build" />
    <property name="temp.3rd_party_libs.path" value="..\temp_dir\misc\3rd_party_libs" />
    <property name="ant.file.OpenGeoProver" value="/home/damien/Documents/Prog/Java/OpenGeoProver/config/build.xml" />
    <property name="org.eclipse.debug.ui.breakpoints.toggleFactoriesUsed" value="false" />
    <property name="java.endorsed.dirs" value="/usr/lib/jvm/java-6-openjdk-i386/jre/lib/endorsed" />
    <property name="osgi.bundlestore" value="/home/damien/.eclipse/org.eclipse.platform_3.7.0_155965261/configuration/org.eclipse.osgi/bundles" />
    <property name="sun.os.patch.level" value="unknown" />
    <property name="java.vendor.url" value="http://java.sun.com/" />
    <property name="project.path" value=".." />
    <property name="jutest.dirname" value="jutest" />
    <property name="jutest.reports.path" value="..\build\jutest\reports" />
    <property name="java.version" value="1.6.0_24" />
    <property name="eclipse.pdebuild.home" value="/usr/lib/eclipse/dropins/sdk/plugins/org.eclipse.pde.build_3.7.0.dist/./" />
    <property name="documentation.path" value="..\documentation" />
    <property name="osgi.os" value="linux" />
    <property name="org.eclipse.equinox.simpleconfigurator.configUrl" value="file:org.eclipse.equinox.simpleconfigurator/bundles.info" />
    <property name="org.osgi.framework.uuid" value="e066e208-a0b3-0011-1a69-f4a373d833d8" />
    <property name="osgi.splashPath" value="platform:/base/plugins/org.eclipse.platform" />
    <property name="java.vendor.url.bug" value="http://java.sun.com/cgi-bin/bugreport.cgi" />
    <property name="ant.project.invoked-targets" value="dist" />
    <property name="user.name" value="damien" />
    <property name="org.osgi.framework.version" value="1.6.0" />
    <property name="sun.io.unicode.encoding" value="UnicodeLittle" />
    <property name="org.osgi.framework.system.packages" value="javax.accessibility,javax.activation,javax.activity,javax.annotation,javax.annotation.processing,javax.crypto,javax.crypto.interfaces,javax.crypto.spec,javax.imageio,javax.imageio.event,javax.imageio.metadata,javax.imageio.plugins.bmp,javax.imageio.plugins.jpeg,javax.imageio.spi,javax.imageio.stream,javax.jws,javax.jws.soap,javax.lang.model,javax.lang.model.element,javax.lang.model.type,javax.lang.model.util,javax.management,javax.management.loading,javax.management.modelmbean,javax.management.monitor,javax.management.openmbean,javax.management.relation,javax.management.remote,javax.management.remote.rmi,javax.management.timer,javax.naming,javax.naming.directory,javax.naming.event,javax.naming.ldap,javax.naming.spi,javax.net,javax.net.ssl,javax.print,javax.print.attribute,javax.print.attribute.standard,javax.print.event,javax.rmi,javax.rmi.CORBA,javax.rmi.ssl,javax.script,javax.security.auth,javax.security.auth.callback,javax.security.auth.kerberos,javax.security.auth.login,javax.security.auth.spi,javax.security.auth.x500,javax.security.cert,javax.security.sasl,javax.sound.midi,javax.sound.midi.spi,javax.sound.sampled,javax.sound.sampled.spi,javax.sql,javax.sql.rowset,javax.sql.rowset.serial,javax.sql.rowset.spi,javax.swing,javax.swing.border,javax.swing.colorchooser,javax.swing.event,javax.swing.filechooser,javax.swing.plaf,javax.swing.plaf.basic,javax.swing.plaf.metal,javax.swing.plaf.multi,javax.swing.plaf.synth,javax.swing.table,javax.swing.text,javax.swing.text.html,javax.swing.text.html.parser,javax.swing.text.rtf,javax.swing.tree,javax.swing.undo,javax.tools,javax.transaction,javax.transaction.xa,javax.xml,javax.xml.bind,javax.xml.bind.annotation,javax.xml.bind.annotation.adapters,javax.xml.bind.attachment,javax.xml.bind.helpers,javax.xml.bind.util,javax.xml.crypto,javax.xml.crypto.dom,javax.xml.crypto.dsig,javax.xml.crypto.dsig.dom,javax.xml.crypto.dsig.keyinfo,javax.xml.crypto.dsig.spec,javax.xml.datatype,javax.xml.namespace,javax.xml.parsers,javax.xml.soap,javax.xml.stream,javax.xml.stream.events,javax.xml.stream.util,javax.xml.transform,javax.xml.transform.dom,javax.xml.transform.sax,javax.xml.transform.stax,javax.xml.transform.stream,javax.xml.validation,javax.xml.ws,javax.xml.ws.handler,javax.xml.ws.handler.soap,javax.xml.ws.http,javax.xml.ws.soap,javax.xml.ws.spi,javax.xml.ws.wsaddressing,javax.xml.xpath,org.ietf.jgss,org.omg.CORBA,org.omg.CORBA_2_3,org.omg.CORBA_2_3.portable,org.omg.CORBA.DynAnyPackage,org.omg.CORBA.ORBPackage,org.omg.CORBA.portable,org.omg.CORBA.TypeCodePackage,org.omg.CosNaming,org.omg.CosNaming.NamingContextExtPackage,org.omg.CosNaming.NamingContextPackage,org.omg.Dynamic,org.omg.DynamicAny,org.omg.DynamicAny.DynAnyFactoryPackage,org.omg.DynamicAny.DynAnyPackage,org.omg.IOP,org.omg.IOP.CodecFactoryPackage,org.omg.IOP.CodecPackage,org.omg.Messaging,org.omg.PortableInterceptor,org.omg.PortableInterceptor.ORBInitInfoPackage,org.omg.PortableServer,org.omg.PortableServer.CurrentPackage,org.omg.PortableServer.POAManagerPackage,org.omg.PortableServer.POAPackage,org.omg.PortableServer.portable,org.omg.PortableServer.ServantLocatorPackage,org.omg.SendingContext,org.omg.stub.java.rmi,org.w3c.dom,org.w3c.dom.bootstrap,org.w3c.dom.css,org.w3c.dom.events,org.w3c.dom.html,org.w3c.dom.ls,org.w3c.dom.ranges,org.w3c.dom.stylesheets,org.w3c.dom.traversal,org.w3c.dom.views,org.w3c.dom.xpath,org.xml.sax,org.xml.sax.ext,org.xml.sax.helpers" />
    <property name="sun.jnu.encoding" value="UTF-8" />
    <property name="java.runtime.name" value="OpenJDK Runtime Environment" />
    <property name="javadoc.path" value="..\documentation\javadoc" />
    <property name="osgi.instance.area.default" value="file:/home/damien/workspace/" />
    <property name="eclipse.launcher.name" value="Eclipse" />
    <property name="eclipse.product" value="org.eclipse.platform.ide" />
    <property name="java.specification.name" value="Java Platform API Specification" />
    <property name="org.osgi.supports.framework.fragment" value="true" />
    <property name="user.timezone" value="" />
    <property name="org.osgi.framework.system.capabilities" value="osgi.ee; osgi.ee=&quot;OSGi/Minimum&quot;; version:List&lt;Version&gt;=&quot;1.0, 1.1, 1.2&quot;,osgi.ee; osgi.ee=&quot;JavaSE&quot;; version:List&lt;Version&gt;=&quot;1.0, 1.1, 1.2, 1.3, 1.4, 1.5, 1.6&quot;" />
    <property name="osgi.nl" value="fr_FR" />
    <property name="path.separator" value=":" />
    <property name="project.name" value="OpenGeoProver" />
    <property name="file.encoding" value="UTF-8" />
    <property name="osgi.arch" value="x86" />
    <property name="ant.project.default-target" value="dist" />
    <property name="sun.java.command" value="org.apache.tools.ant.taskdefs.optional.junit.JUnitTestRunner com.ogprover.test.junit.JUTestCPSuite filtertrace=true haltOnError=false haltOnFailure=false showoutput=false outputtoformatters=true logfailedtests=true logtestlistenerevents=false formatter=org.apache.tools.ant.taskdefs.optional.junit.BriefJUnitResultFormatter formatter=org.apache.tools.ant.taskdefs.optional.junit.XMLJUnitResultFormatter,/home/damien/Documents/Prog/Java/OpenGeoProver/build/jutest/data/TEST-com.ogprover.test.junit.JUTestCPSuite.xml crashfile=/home/damien/Documents/Prog/Java/OpenGeoProver/config/junitvmwatcher8465883349795999051.properties propsfile=/home/damien/Documents/Prog/Java/OpenGeoProver/config/junit4789893850913885319.properties" />
    <property name="ant.file" value="/home/damien/Documents/Prog/Java/OpenGeoProver/config/build.xml" />
    <property name="org.osgi.supports.framework.requirebundle" value="true" />
    <property name="jutest.class.path" value="..\build\jutest\com\ogprover\test\junit" />
    <property name="osgi.bundles.defaultStartLevel" value="4" />
    <property name="osgi.bundles" value="reference:file:org.eclipse.equinox.simpleconfigurator_1.0.200.dist.jar@1:start" />
    <property name="java.io.tmpdir" value="/tmp" />
    <property name="org.osgi.framework.os.name" value="Linux" />
    <property name="equinox.use.ds" value="true" />
    <property name="TODAY" value="June 11 2012" />
    <property name="user.language" value="fr" />
    <property name="line.separator" value="&#xa;" />
    <property name="org.osgi.framework.processor" value="x86" />
    <property name="java.vm.info" value="mixed mode" />
    <property name="osgi.manifest.cache" value="/home/damien/.eclipse/org.eclipse.platform_3.7.0_155965261/configuration/org.eclipse.osgi/manifests" />
    <property name="osgi.splashLocation" value="/usr/lib/eclipse//plugins/org.eclipse.platform_3.7.2.dist/splash.bmp" />
    <property name="java.vm.specification.name" value="Java Virtual Machine Specification" />
    <property name="temp.config.path" value="..\temp_dir\misc\config" />
    <property name="temp.misc.path" value="..\temp_dir\misc" />
    <property name="eclipse.vm" value="/usr/lib/jvm/java-6-openjdk-i386/jre/bin/../lib/i386/client/libjvm.so" />
    <property name="3rd_party_libs.path" value="..\3rd_party_libs" />
    <property name="eclipse.pdebuild.templates" value="/usr/lib/eclipse/dropins/sdk/plugins/org.eclipse.pde.build_3.7.0.dist/templates/" />
    <property name="osgi.configuration.area" value="file:/home/damien/.eclipse/org.eclipse.platform_3.7.0_155965261/configuration/" />
    <property name="java.awt.printerjob" value="sun.print.PSPrinterJob" />
    <property name="temp.documentation.path" value="..\temp_dir\misc\documentation" />
    <property name="ant.version" value="Apache Ant(TM) version 1.8.2 compiled on September 22 2011" />
    <property name="osgi.ws" value="gtk" />
    <property name="jutest.path" value="..\build\jutest" />
    <property name="org.osgi.supports.framework.extension" value="true" />
    <property name="eclipse.p2.data.area" value="@config.dir/../p2/" />
    <property name="osgi.framework.extensions" value="" />
    <property name="org.osgi.framework.language" value="fr" />
    <property name="os.name" value="Linux" />
    <property name="eclipse.home.location" value="file:/usr/lib/eclipse/" />
    <property name="java.specification.vendor" value="Sun Microsystems Inc." />
    <property name="eclipse.vmargs" value="-Xms40m&#xa;-Xmx384m&#xa;-Djava.library.path=/usr/lib/jni/&#xa;-Dorg.eclipse.equinox.p2.reconciler.dropins.directory=/usr/share/eclipse/dropins&#xa;-XX:MaxPermSize=256m&#xa;-Djava.class.path=/usr/lib/eclipse//plugins/org.eclipse.equinox.launcher_1.2.0.dist.jar&#xa;" />
    <property name="java.vm.name" value="OpenJDK Server VM" />
    <property name="jutest.src.path" value="..\src\com\ogprover\test\junit" />
    <property name="eclipse.buildId" value="I20110613-1736" />
    <property name="java.library.path" value="/usr/lib/jvm/java-6-openjdk-i386/jre/lib/i386/server:/usr/lib/jvm/java-6-openjdk-i386/jre/lib/i386:/usr/lib/jvm/java-6-openjdk-i386/jre/../lib/i386:/usr/lib/jvm/java-6-openjdk-i386/jre/lib/i386/client:/usr/lib/jvm/java-6-openjdk-i386/jre/lib/i386::/usr/java/packages/lib/i386:/usr/lib/i386-linux-gnu/jni:/lib/i386-linux-gnu:/usr/lib/i386-linux-gnu:/usr/lib/jni:/lib:/usr/lib" />
    <property name="eclipse.pdebuild.scripts" value="/usr/lib/eclipse/dropins/sdk/plugins/org.eclipse.pde.build_3.7.0.dist/scripts/" />
    <property name="ant.java.version" value="1.6" />
    <property name="eclipse.commands" value="-os&#xa;linux&#xa;-ws&#xa;gtk&#xa;-arch&#xa;x86&#xa;-showsplash&#xa;/usr/lib/eclipse//plugins/org.eclipse.platform_3.7.2.dist/splash.bmp&#xa;-launcher&#xa;/usr/lib/eclipse/eclipse&#xa;-name&#xa;Eclipse&#xa;--launcher.library&#xa;/usr/lib/eclipse//plugins/org.eclipse.equinox.launcher.gtk.linux.x86_1.1.100.dist/eclipse_1408.so&#xa;-startup&#xa;/usr/lib/eclipse//plugins/org.eclipse.equinox.launcher_1.2.0.dist.jar&#xa;--launcher.overrideVmargs&#xa;-vm&#xa;/usr/lib/jvm/java-6-openjdk-i386/jre/bin/../lib/i386/client/libjvm.so&#xa;" />
    <property name="basedir" value="/home/damien/Documents/Prog/Java/OpenGeoProver/config" />
    <property name="java.class.version" value="50.0" />
    <property name="osgi.syspath" value="/usr/lib/eclipse/plugins" />
    <property name="osgi.sharedConfiguration.area" value="file:/usr/lib/eclipse/configuration/" />
    <property name="ant.home" value="/usr/lib/eclipse/plugins/org.apache.ant_1.8.2.v20120109-1030" />
    <property name="org.eclipse.equinox.launcher.splash.location" value="/usr/lib/eclipse//plugins/org.eclipse.platform_3.7.2.dist/splash.bmp" />
    <property name="dist.jar.filename" value="OpenGeoProver.jar" />
    <property name="osgi.instance.area" value="file:/home/damien/Documents/Prog/Java/" />
    <property name="osgi.install.area" value="file:/usr/lib/eclipse/" />
    <property name="sun.boot.library.path" value="/usr/lib/jvm/java-6-openjdk-i386/jre/lib/i386" />
    <property name="sun.management.compiler" value="HotSpot Tiered Compilers" />
    <property name="java.awt.graphicsenv" value="sun.awt.X11GraphicsEnvironment" />
    <property name="ant.file.type.OpenGeoProver" value="file" />
    <property name="config.path" value="..\config" />
    <property name="dist.path" value="..\lib" />
    <property name="ant.project.name" value="OpenGeoProver" />
    <property name="java.vm.specification.version" value="1.0" />
    <property name="eclipse.running" value="true" />
    <property name="manifest.filename" value="Manifest.txt" />
    <property name="sun.cpu.isalist" value="" />
    <property name="temp.src.path" value="..\temp_dir\misc\src" />
    <property name="default.target" value="dist" />
    <property name="org.eclipse.update.reconcile" value="false" />
    <property name="java.ext.dirs" value="/usr/lib/jvm/java-6-openjdk-i386/jre/lib/ext:/usr/java/packages/lib/ext" />
    <property name="osgi.framework.version" value="3.7.2.dist" />
    <property name="os.version" value="3.2.0-2-amd64" />
    <property name="eclipse.launcher" value="/usr/lib/eclipse/eclipse" />
    <property name="user.home" value="/home/damien" />
    <property name="java.vm.vendor" value="Sun Microsystems Inc." />
    <property name="org.apache.commons.logging.Log" value="org.apache.commons.logging.impl.NoOpLog" />
    <property name="user.dir" value="/home/damien/Documents/Prog/Java/OpenGeoProver/build" />
    <property name="org.osgi.framework.os.version" value="3.2.0" />
    <property name="osgi.framework.shape" value="jar" />
    <property name="eclipse.home" value="/usr/lib/eclipse" />
    <property name="sun.cpu.endian" value="little" />
    <property name="src.path" value="..\src" />
    <property name="eclipse.startTime" value="1339403572202" />
    <property name="java.vm.version" value="20.0-b12" />
    <property name="java.class.path" value="/home/damien/Documents/Prog/Java/OpenGeoProver/3rd_party_libs/junit-3.8.2.jar:/home/damien/Documents/Prog/Java/OpenGeoProver/3rd_party_libs/junit-4.9b2.jar:/home/damien/Documents/Prog/Java/OpenGeoProver/3rd_party_libs/log4j-1.2.16.jar:/home/damien/Documents/Prog/Java/OpenGeoProver/3rd_party_libs/xalan.jar:/home/damien/Documents/Prog/Java/OpenGeoProver/3rd_party_libs/xpp3_min-1.1.4c.jar:/home/damien/Documents/Prog/Java/OpenGeoProver/3rd_party_libs/xsltc.jar:/home/damien/Documents/Prog/Java/OpenGeoProver/3rd_party_libs/xstream-1.3.1.jar:/home/damien/Documents/Prog/Java/OpenGeoProver/build/jutest:/home/damien/Documents/Prog/Java/OpenGeoProver/build/jutest/com/ogprover/test/junit:/usr/lib/eclipse/plugins/org.apache.ant_1.8.2.v20120109-1030/lib/ant-launcher.jar:/usr/lib/eclipse/plugins/org.apache.ant_1.8.2.v20120109-1030/lib/ant.jar:/usr/lib/eclipse/plugins/org.apache.ant_1.8.2.v20120109-1030/lib/ant-junit.jar" />
    <property name="DSTAMP" value="20120611" />
    <property name="ant.library.dir" value="/usr/lib/eclipse/plugins/org.apache.ant_1.8.2.v20120109-1030/lib" />
    <property name="os.arch" value="i386" />
    <property name="org.eclipse.equinox.p2.reconciler.dropins.directory" value="/usr/share/eclipse/dropins" />
    <property name="current.path" value="." />
    <property name="eclipse.p2.profile" value="PlatformProfile" />
    <property name="temp.path" value="..\temp_dir" />
    <property name="sun.java.launcher" value="SUN_STANDARD" />
    <property name="org.osgi.framework.vendor" value="Eclipse" />
    <property name="ant.core.lib" value="/usr/lib/eclipse/plugins/org.apache.ant_1.8.2.v20120109-1030/lib/ant.jar" />
    <property name="osgi.tracefile" value="/home/damien/Documents/Prog/Java/.metadata/trace.log" />
    <property name="java.vm.specification.vendor" value="Sun Microsystems Inc." />
    <property name="TSTAMP" value="1033" />
    <property name="jutest.data.path" value="..\build\jutest\data" />
    <property name="file.separator" value="/" />
    <property name="java.runtime.version" value="1.6.0_24-b24" />
    <property name="sun.boot.class.path" value="/usr/lib/jvm/java-6-openjdk-i386/jre/lib/resources.jar:/usr/lib/jvm/java-6-openjdk-i386/jre/lib/rt.jar:/usr/lib/jvm/java-6-openjdk-i386/jre/lib/sunrsasign.jar:/usr/lib/jvm/java-6-openjdk-i386/jre/lib/jsse.jar:/usr/lib/jvm/java-6-openjdk-i386/jre/lib/jce.jar:/usr/lib/jvm/java-6-openjdk-i386/jre/lib/charsets.jar:/usr/lib/jvm/java-6-openjdk-i386/jre/lib/netx.jar:/usr/lib/jvm/java-6-openjdk-i386/jre/lib/plugin.jar:/usr/lib/jvm/java-6-openjdk-i386/jre/lib/rhino.jar:/usr/lib/jvm/java-6-openjdk-i386/jre/lib/modules/jdk.boot.jar:/usr/lib/jvm/java-6-openjdk-i386/jre/classes" />
    <property name="user.country" value="FR" />
    <property name="osgi.logfile" value="/home/damien/Documents/Prog/Java/.metadata/.log" />
    <property name="java.vendor" value="Sun Microsystems Inc." />
    <property name="osgi.bundlefile.limit" value="100" />
    <property name="java.specification.version" value="1.6" />
    <property name="sun.arch.data.model" value="32" />
  </properties>
  <testcase classname="com.ogprover.test.junit.JUTestPoint" name="testPointInstantiation" time="0.014" />
  <system-out><![CDATA[]]></system-out>
  <system-err><![CDATA[]]></system-err>
</testsuite>
